This is pdfTeX, Version 3.1415926-2.5-1.40.14 (MiKTeX 2.9) (preloaded format=pdflatex 2015.3.26)  28 JAN 2016 17:26
entering extended mode
**document.tex
(C:\Users\Dicker\Documents\wr\document.tex
LaTeX2e <2011/06/27>
Babel <v3.8m> and hyphenation patterns for english, afrikaans, ancientgreek, ar
abic, armenian, assamese, basque, bengali, bokmal, bulgarian, catalan, coptic, 
croatian, czech, danish, dutch, esperanto, estonian, farsi, finnish, french, ga
lician, german, german-x-2013-05-26, greek, gujarati, hindi, hungarian, iceland
ic, indonesian, interlingua, irish, italian, kannada, kurmanji, latin, latvian,
 lithuanian, malayalam, marathi, mongolian, mongolianlmc, monogreek, ngerman, n
german-x-2013-05-26, nynorsk, oriya, panjabi, pinyin, polish, portuguese, roman
ian, russian, sanskrit, serbian, slovak, slovenian, spanish, swedish, swissgerm
an, tamil, telugu, turkish, turkmen, ukenglish, ukrainian, uppersorbian, usengl
ishmax, welsh, loaded.
(C:\tex\tex\latex\base\report.cls
Document Class: report 2007/10/19 v1.4h Standard LaTeX document class
(C:\tex\tex\latex\base\size12.clo
File: size12.clo 2007/10/19 v1.4h Standard LaTeX file (size option)
)
\c@part=\count79
\c@chapter=\count80
\c@section=\count81
\c@subsection=\count82
\c@subsubsection=\count83
\c@paragraph=\count84
\c@subparagraph=\count85
\c@figure=\count86
\c@table=\count87
\abovecaptionskip=\skip41
\belowcaptionskip=\skip42
\bibindent=\dimen102
) (C:\tex\tex\latex\polski\polski.sty
Package: polski 2008/02/24 v1.3.3 Polish language package

Document language package `polski' v1.3.3 <2008/02/24>
\l@nohyphenation=\language69
(C:\tex\tex\latex\base\ot4enc.def
File: ot4enc.def 2005/09/27 v1.99g Standard LaTeX file
)) (C:\tex\tex\latex\base\inputenc.sty
Package: inputenc 2008/03/30 v1.1d Input encoding file
\inpenc@prehook=\toks14
\inpenc@posthook=\toks15

(C:\tex\tex\latex\base\cp1250.def
File: cp1250.def 2008/03/30 v1.1d Input encoding file
)) (C:\tex\tex\latex\amsmath\amsmath.sty
Package: amsmath 2013/01/14 v2.14 AMS math features
\@mathmargin=\skip43

For additional information on amsmath, use the `?' option.
(C:\tex\tex\latex\amsmath\amstext.sty
Package: amstext 2000/06/29 v2.01
 (C:\tex\tex\latex\amsmath\amsgen.sty
File: amsgen.sty 1999/11/30 v2.0
\@emptytoks=\toks16
\ex@=\dimen103
))
(C:\tex\tex\latex\amsmath\amsbsy.sty
Package: amsbsy 1999/11/29 v1.2d
\pmbraise@=\dimen104
) (C:\tex\tex\latex\amsmath\amsopn.sty
Package: amsopn 1999/12/14 v2.01 operator names
)
\inf@bad=\count88
LaTeX Info: Redefining \frac on input line 210.
\uproot@=\count89
\leftroot@=\count90
LaTeX Info: Redefining \overline on input line 306.
\classnum@=\count91
\DOTSCASE@=\count92
LaTeX Info: Redefining \ldots on input line 378.
LaTeX Info: Redefining \dots on input line 381.
LaTeX Info: Redefining \cdots on input line 466.
\Mathstrutbox@=\box26
\strutbox@=\box27
\big@size=\dimen105
LaTeX Font Info:    Redeclaring font encoding OML on input line 566.
LaTeX Font Info:    Redeclaring font encoding OMS on input line 567.
\macc@depth=\count93
\c@MaxMatrixCols=\count94
\dotsspace@=\muskip10
\c@parentequation=\count95
\dspbrk@lvl=\count96
\tag@help=\toks17
\row@=\count97
\column@=\count98
\maxfields@=\count99
\andhelp@=\toks18
\eqnshift@=\dimen106
\alignsep@=\dimen107
\tagshift@=\dimen108
\tagwidth@=\dimen109
\totwidth@=\dimen110
\lineht@=\dimen111
\@envbody=\toks19
\multlinegap=\skip44
\multlinetaggap=\skip45
\mathdisplay@stack=\toks20
LaTeX Info: Redefining \[ on input line 2665.
LaTeX Info: Redefining \] on input line 2666.
)
(C:\tex\tex\latex\amsfonts\amsfonts.sty
Package: amsfonts 2013/01/14 v3.01 Basic AMSFonts support
\symAMSa=\mathgroup4
\symAMSb=\mathgroup5
LaTeX Font Info:    Overwriting math alphabet `\mathfrak' in version `bold'
(Font)                  U/euf/m/n --> U/euf/b/n on input line 106.
) (C:\tex\tex\latex\amsfonts\amssymb.sty
Package: amssymb 2013/01/14 v3.01 AMS font symbols
) (C:\tex\tex\latex\graphics\graphicx.sty
Package: graphicx 1999/02/16 v1.0f Enhanced LaTeX Graphics (DPC,SPQR)
 (C:\tex\tex\latex\graphics\keyval.sty
Package: keyval 1999/03/16 v1.13 key=value parser (DPC)
\KV@toks@=\toks21
) (C:\tex\tex\latex\graphics\graphics.sty
Package: graphics 2009/02/05 v1.0o Standard LaTeX Graphics (DPC,SPQR)
 (C:\tex\tex\latex\graphics\trig.sty
Package: trig 1999/03/16 v1.09 sin cos tan (DPC)
)
(C:\tex\tex\latex\00miktex\graphics.cfg
File: graphics.cfg 2007/01/18 v1.5 graphics configuration of teTeX/TeXLive
)
Package graphics Info: Driver file: pdftex.def on input line 91.

(C:\tex\tex\latex\pdftex-def\pdftex.def
File: pdftex.def 2011/05/27 v0.06d Graphics/color for pdfTeX

(C:\tex\tex\generic\oberdiek\infwarerr.sty
Package: infwarerr 2010/04/08 v1.3 Providing info/warning/error messages (HO)
)
(C:\tex\tex\generic\oberdiek\ltxcmds.sty
Package: ltxcmds 2011/11/09 v1.22 LaTeX kernel commands for general use (HO)
)
\Gread@gobject=\count100
))
\Gin@req@height=\dimen112
\Gin@req@width=\dimen113
)
(C:\Users\Dicker\Documents\wr\document.aux)
LaTeX Font Info:    Checking defaults for OML/cmm/m/it on input line 8.
LaTeX Font Info:    ... okay on input line 8.
LaTeX Font Info:    Checking defaults for T1/cmr/m/n on input line 8.
LaTeX Font Info:    ... okay on input line 8.
LaTeX Font Info:    Checking defaults for OT1/cmr/m/n on input line 8.
LaTeX Font Info:    ... okay on input line 8.
LaTeX Font Info:    Checking defaults for OMS/cmsy/m/n on input line 8.
LaTeX Font Info:    ... okay on input line 8.
LaTeX Font Info:    Checking defaults for OMX/cmex/m/n on input line 8.
LaTeX Font Info:    ... okay on input line 8.
LaTeX Font Info:    Checking defaults for U/cmr/m/n on input line 8.
LaTeX Font Info:    ... okay on input line 8.
LaTeX Font Info:    Checking defaults for OT4/cmr/m/n on input line 8.
LaTeX Font Info:    Try loading font information for OT4+cmr on input line 8.
 (C:\tex\tex\latex\polski\ot4cmr.fd
File: ot4cmr.fd 2008/02/24 v1.2.1 Font defs for fonts PL (MW)
)
LaTeX Font Info:    ... okay on input line 8.
(C:\tex\tex\context\base\supp-pdf.mkii
[Loading MPS to PDF converter (version 2006.09.02).]
\scratchcounter=\count101
\scratchdimen=\dimen114
\scratchbox=\box28
\nofMPsegments=\count102
\nofMParguments=\count103
\everyMPshowfont=\toks22
\MPscratchCnt=\count104
\MPscratchDim=\dimen115
\MPnumerator=\count105
\makeMPintoPDFobject=\count106
\everyMPtoPDFconversion=\toks23
)
LaTeX Font Info:    Try loading font information for U+msa on input line 13.
 (C:\tex\tex\latex\amsfonts\umsa.fd
File: umsa.fd 2013/01/14 v3.01 AMS symbols A
)
LaTeX Font Info:    Try loading font information for U+msb on input line 13.
 (C:\tex\tex\latex\amsfonts\umsb.fd
File: umsb.fd 2013/01/14 v3.01 AMS symbols B
)
[1

{C:/Users/Dicker/AppData/Local/MiKTeX/2.9/pdftex/config/pdftex.map}]
(C:\Users\Dicker\Documents\wr\document.toc)
\tf@toc=\write3
 [1

]
Rozdzia\PlPrIeC {\l } 1.
LaTeX Font Info:    Try loading font information for OMS+cmr on input line 38.
(C:\tex\tex\latex\base\omscmr.fd
File: omscmr.fd 1999/05/25 v2.5h Standard LaTeX font definitions
)
LaTeX Font Info:    Font shape `OMS/cmr/m/n' in size <12> not available
(Font)              Font shape `OMS/cmsy/m/n' tried instead on input line 38.
 [2

]
Rozdzia\PlPrIeC {\l } 2.

Underfull \hbox (badness 10000) in paragraph at lines 56--57

 []


LaTeX Warning: Command \textdegree invalid in math mode on input line 58.


LaTeX Warning: Command \textdegree invalid in math mode on input line 58.

[3

] <DSC_0538.jpg, id=22, 4015.0pt x 2258.4375pt>
File: DSC_0538.jpg Graphic file (type jpg)
 <use DSC_0538.jpg>
Package pdftex.def Info: DSC_0538.jpg used on input line 67.
(pdftex.def)             Requested size: 272.99881pt x 153.55794pt.

<DSC_0549.jpg, id=23, 4015.0pt x 2258.4375pt>
File: DSC_0549.jpg Graphic file (type jpg)
 <use DSC_0549.jpg>
Package pdftex.def Info: DSC_0549.jpg used on input line 74.
(pdftex.def)             Requested size: 272.99881pt x 153.55794pt.

<DSC_0551.jpg, id=24, 4015.0pt x 2258.4375pt>
File: DSC_0551.jpg Graphic file (type jpg)
 <use DSC_0551.jpg>
Package pdftex.def Info: DSC_0551.jpg used on input line 81.
(pdftex.def)             Requested size: 272.99881pt x 153.55794pt.

<DSC_0544.jpg, id=25, 2633.84pt x 2258.4375pt>
File: DSC_0544.jpg Graphic file (type jpg)
 <use DSC_0544.jpg>
Package pdftex.def Info: DSC_0544.jpg used on input line 88.
(pdftex.def)             Requested size: 272.99881pt x 234.05869pt.
 [4 <C:/Users/Dicker/Documents/wr/DSC_0538.jpg> <C:/Users/Dicker/Documents/wr/D
SC_0549.jpg>]
[5 <C:/Users/Dicker/Documents/wr/DSC_0551.jpg> <C:/Users/Dicker/Documents/wr/DS
C_0544.jpg>]
Rozdzia\PlPrIeC {\l } 3.

Overfull \hbox (26.10887pt too wide) in paragraph at lines 105--106
[] \OT4/cmr/m/n/12 Za-sto-so-wa-ny sche-mat re-gu-la-cji to kla-sycz-ny re-gu-l
a-tor proporcjonalno-caªkuj¡co-
 []


Underfull \hbox (badness 10000) in paragraph at lines 109--110

 []

[6

]
LaTeX Font Info:    Try loading font information for OT4+cmtt on input line 110
.
 (C:\tex\tex\latex\polski\ot4cmtt.fd
File: ot4cmtt.fd 2008/02/24 v1.2.1 Font defs for fonts PL (MW)
)
Overfull \hbox (17.5502pt too wide) in paragraph at lines 133--133
[]\OT4/cmtt/m/n/12 lcontrol = int((2.6 * lerror + 1 * lintegral + 2.5 * lderiva
tive))[] 
 []


Overfull \hbox (17.5502pt too wide) in paragraph at lines 133--133
[]\OT4/cmtt/m/n/12 rcontrol = int((2.6 * rerror + 1 * rintegral + 2.5 * rderiva
tive))[] 
 []


Overfull \hbox (2.24385pt too wide) in paragraph at lines 138--139
[]\OT4/cmr/m/n/12 Podobnie z pa-ra-me-trem funk-cji li-nio-wej ogra-ni-cza-j¡-c
ej p¦d ro-bo-ta. Wspóª-
 []

[7] [8]
Rozdzia\PlPrIeC {\l } 4.

LaTeX Warning: Command \textdegree invalid in math mode on input line 159.


LaTeX Warning: Command \textdegree invalid in math mode on input line 159.

[9

] [10]
Rozdzia\PlPrIeC {\l } 5.
[11

] (C:\Users\Dicker\Documents\wr\document.aux) ) 
Here is how much of TeX's memory you used:
 2328 strings out of 493921
 27665 string characters out of 3155700
 80974 words of memory out of 3000000
 5597 multiletter control sequences out of 15000+200000
 15709 words of font info for 53 fonts, out of 3000000 for 9000
 841 hyphenation exceptions out of 8191
 27i,6n,24p,512b,233s stack positions out of 5000i,500n,10000p,200000b,50000s
{C:/tex/fonts/enc/dvips/pl/pltt.
enc}{C:/tex/fonts/enc/dvips/pl/plit.enc}{C:/tex/fonts/enc/dvips/pl/plrm.enc}<C:
/tex/fonts/type1/public/amsfonts/cm/cmmi12.pfb><C:/tex/fonts/type1/public/amsfo
nts/cm/cmr12.pfb><C:/tex/fonts/type1/public/amsfonts/cm/cmsy10.pfb><C:/tex/font
s/type1/public/amsfonts/cm/cmsy8.pfb><C:/tex/fonts/type1/public/pl/plbx12.pfb><
C:/tex/fonts/type1/public/pl/plr12.pfb><C:/tex/fonts/type1/public/pl/plr17.pfb>
<C:/tex/fonts/type1/public/pl/plti12.pfb><C:/tex/fonts/type1/public/pl/pltt12.p
fb>
Output written on document.pdf (12 pages, 5281601 bytes).
PDF statistics:
 84 PDF objects out of 1000 (max. 8388607)
 0 named destinations out of 1000 (max. 500000)
 21 words of extra memory for PDF output out of 10000 (max. 10000000)

